<?xml version="1.0" encoding="UTF-8" ?>
<testsuites>
    <testsuite
        name="force.apex"
        timestamp="2022-02-16T21:54:24.000Z"
        hostname="https://mbdevops2022.my.salesforce.com"
        tests="3"
        failures="0"
        errors="0"
        time="0.04"
    >
        <properties>
            <property name="outcome" value="Successful" />
            <property name="testsRan" value="3" />
            <property name="passing" value="3" />
            <property name="failing" value="0" />
            <property name="skipped" value="0" />
            <property name="passRate" value="100%" />
            <property name="failRate" value="0%" />
            <property name="testStartTime" value="Thu Feb 17 2022 08:54:24" />
            <property name="testExecutionTime" value="0.04 s" />
            <property name="testTotalTime" value="0.04 s" />
            <property name="commandTime" value="0.53 s" />
            <property
                name="hostname"
                value="https://mbdevops2022.my.salesforce.com"
            />
            <property name="orgId" value="00D5j000008wzRsEAI" />
            <property name="username" value="mburnside@mbdevops2022.demo" />
            <property name="testRunId" value="7075j00000xSmpC" />
            <property name="userId" value="0055j000004igaJAAQ" />
            <property name="coveredLines" value="36" />
            <property name="testRunCoverage" value="100%" />
            <property name="orgWideCoverage" value="5%" />
        </properties>
        <testcase
            name="errorResponse"
            classname="GeocodingServiceTest"
            time="0.01"
        >
        </testcase>
        <testcase
            name="successResponse"
            classname="GeocodingServiceTest"
            time="0.01"
        >
        </testcase>
        <testcase
            name="blankAddress"
            classname="GeocodingServiceTest"
            time="0.02"
        >
        </testcase>
    </testsuite>
</testsuites>
